<?xml version="1.0" encoding="UTF-8"?>
<!-- Generated by org.testng.reporters.JUnitReportReporter -->
<testsuite hostname="LAPTOP-H1J1UPBI" failures="0" tests="1" name="pkg09_TestNG.P03_Facebook_ForgotPassword" time="6.387" errors="0" timestamp="2022-07-17T19:40:48 IST" skipped="0">
  <testcase classname="pkg09_TestNG.P03_Facebook_ForgotPassword" name="process" time="6.387"/>
  <system-out/>
</testsuite> <!-- pkg09_TestNG.P03_Facebook_ForgotPassword -->
