<?xml version="1.0" encoding="UTF-8"?>
<!-- Generated by org.testng.reporters.JUnitReportReporter -->
<testsuite hostname="LAPTOP-H1J1UPBI" failures="0" tests="2" name="pkg09_TestNG.P04_ParallelExecution" time="106.743" errors="0" timestamp="2022-07-17T19:42:40 IST" skipped="0">
  <testcase classname="pkg09_TestNG.P04_ParallelExecution" name="process" time="79.432"/>
  <system-out/>
  <testcase classname="pkg09_TestNG.P04_ParallelExecution" name="process" time="27.311"/>
  <system-out/>
</testsuite> <!-- pkg09_TestNG.P04_ParallelExecution -->
