<?xml version="1.0" encoding="UTF-8"?>
<!-- Generated by org.testng.reporters.JUnitReportReporter -->
<testsuite hostname="LAPTOP-H1J1UPBI" failures="0" tests="1" name="pkg09_TestNG.P01_PrintingStatement" time="0.012" errors="0" timestamp="2022-07-15T20:10:04 IST" skipped="0">
  <testcase classname="pkg09_TestNG.P01_PrintingStatement" name="printingStatement" time="0.012"/>
  <system-out>
    <![CDATA[Abhijeet.....
Abhijeet.....]]>
  </system-out>
</testsuite> <!-- pkg09_TestNG.P01_PrintingStatement -->
