<?xml version="1.0" encoding="UTF-8"?>
<!-- Generated by org.testng.reporters.JUnitReportReporter -->
<testsuite hostname="LAPTOP-H1J1UPBI" failures="0" tests="6" name="pkg09_TestNG.P02_Priority_InvocationCount_Skip" time="0.106" errors="0" timestamp="2022-07-15T20:27:32 IST" skipped="1">
  <testcase classname="pkg09_TestNG.P02_Priority_InvocationCount_Skip" name="krafton" time="0.065"/>
  <system-out>
    <![CDATA[Battlegrounds Mobile India.....]]>
  </system-out>
  <testcase classname="pkg09_TestNG.P02_Priority_InvocationCount_Skip" name="krafton" time="0.010"/>
  <system-out>
    <![CDATA[Battlegrounds Mobile India.....]]>
  </system-out>
  <testcase classname="pkg09_TestNG.P02_Priority_InvocationCount_Skip" name="activision" time="0.012"/>
  <system-out>
    <![CDATA[Call Of Duty.....]]>
  </system-out>
  <testcase classname="pkg09_TestNG.P02_Priority_InvocationCount_Skip" name="activision" time="0.010"/>
  <system-out>
    <![CDATA[Call Of Duty.....]]>
  </system-out>
  <testcase classname="pkg09_TestNG.P02_Priority_InvocationCount_Skip" name="activision" time="0.009"/>
  <system-out>
    <![CDATA[Call Of Duty.....]]>
  </system-out>
  <testcase classname="pkg09_TestNG.P02_Priority_InvocationCount_Skip" name="rockstar">
    <skipped/>
  </testcase> <!-- rockstar -->
  <system-out/>
</testsuite> <!-- pkg09_TestNG.P02_Priority_InvocationCount_Skip -->
