<?xml version="1.0" encoding="UTF-8"?>
<!-- Generated by org.testng.reporters.JUnitReportReporter -->
<testsuite hostname="LAPTOP-H1J1UPBI" failures="0" tests="1" name="pkg09_TestNG.P03_Facebook01" time="5.075" errors="0" timestamp="2022-07-15T20:43:06 IST" skipped="0">
  <testcase classname="pkg09_TestNG.P03_Facebook01" name="process" time="5.075"/>
  <system-out/>
</testsuite> <!-- pkg09_TestNG.P03_Facebook01 -->
